Traceback (most recent call last):
  File "/home/danbot/code/data_analysis/lib/python3.12/site-packages/jupyter_core/utils/__init__.py", line 154, in wrapped
    asyncio.get_running_loop()
RuntimeError: no running event loop

During handling of the above exception, another exception occurred:

Traceback (most recent call last):
  File "/home/danbot/code/data_analysis/lib/python3.12/site-packages/jupyter_cache/executors/utils.py", line 58, in single_nb_execution
    executenb(
  File "/home/danbot/code/data_analysis/lib/python3.12/site-packages/nbclient/client.py", line 1319, in execute
    return NotebookClient(nb=nb, resources=resources, km=km, **kwargs).execute()
           ^^^^^^^^^^^^^^^^^^^^^^^^^^^^^^^^^^^^^^^^^^^^^^^^^^^^^^^^^^^^^^^^^^^^^
  File "/home/danbot/code/data_analysis/lib/python3.12/site-packages/jupyter_core/utils/__init__.py", line 158, in wrapped
    return loop.run_until_complete(inner)
           ^^^^^^^^^^^^^^^^^^^^^^^^^^^^^^
  File "/usr/lib/python3.12/asyncio/base_events.py", line 687, in run_until_complete
    return future.result()
           ^^^^^^^^^^^^^^^
  File "/home/danbot/code/data_analysis/lib/python3.12/site-packages/nbclient/client.py", line 709, in async_execute
    await self.async_execute_cell(
  File "/home/danbot/code/data_analysis/lib/python3.12/site-packages/nbclient/client.py", line 1062, in async_execute_cell
    await self._check_raise_for_error(cell, cell_index, exec_reply)
  File "/home/danbot/code/data_analysis/lib/python3.12/site-packages/nbclient/client.py", line 918, in _check_raise_for_error
    raise CellExecutionError.from_cell_and_msg(cell, exec_reply_content)
nbclient.exceptions.CellExecutionError: An error occurred while executing the following cell:
------------------
import os
from time import time
from scipy.stats import entropy
import multiprocessing as mp
import data_processing_functions as dpf
import numpy as np
import pandas as pd

# visualize the catchment centroid locations
from bokeh.plotting import figure, show
from bokeh.layouts import gridplot
from bokeh.io import output_notebook
from bokeh.models import ColumnDataSource, LinearAxis, Range1d
from bokeh.palettes import Colorblind, Sunset10

from scipy.stats import lognorm, expon, kappa4, genpareto, gaussian_kde
from scipy.stats import entropy, wasserstein_distance
from scipy.special import kl_div, gammaln
from scipy.optimize import minimize
from scipy.integrate import cumtrapz
from scipy.interpolate import interp1d

from lmoments3 import distr as lmom_dist

from KDEpy import FFTKDE

import jax
import jax.numpy as jnp
from jax import vmap
from jax.scipy.stats import gaussian_kde as jkde
from jax import config as jax_config
jax_config.update("jax_enable_x64", False)

from sklearn.mixture import GaussianMixture

import warnings
warnings.filterwarnings('ignore')

output_notebook()

BASE_DIR = os.getcwd()
print(BASE_DIR)
------------------


[31m---------------------------------------------------------------------------[39m
[31mImportError[39m                               Traceback (most recent call last)
[36mCell[39m[36m [39m[32mIn[1][39m[32m, line 20[39m
[32m     18[39m [38;5;28;01mfrom[39;00m[38;5;250m [39m[34;01mscipy[39;00m[34;01m.[39;00m[34;01mspecial[39;00m[38;5;250m [39m[38;5;28;01mimport[39;00m kl_div, gammaln
[32m     19[39m [38;5;28;01mfrom[39;00m[38;5;250m [39m[34;01mscipy[39;00m[34;01m.[39;00m[34;01moptimize[39;00m[38;5;250m [39m[38;5;28;01mimport[39;00m minimize
[32m---> [39m[32m20[39m [38;5;28;01mfrom[39;00m[38;5;250m [39m[34;01mscipy[39;00m[34;01m.[39;00m[34;01mintegrate[39;00m[38;5;250m [39m[38;5;28;01mimport[39;00m cumtrapz
[32m     21[39m [38;5;28;01mfrom[39;00m[38;5;250m [39m[34;01mscipy[39;00m[34;01m.[39;00m[34;01minterpolate[39;00m[38;5;250m [39m[38;5;28;01mimport[39;00m interp1d
[32m     23[39m [38;5;28;01mfrom[39;00m[38;5;250m [39m[34;01mlmoments3[39;00m[38;5;250m [39m[38;5;28;01mimport[39;00m distr [38;5;28;01mas[39;00m lmom_dist

[31mImportError[39m: cannot import name 'cumtrapz' from 'scipy.integrate' (/home/danbot/code/data_analysis/lib/python3.12/site-packages/scipy/integrate/__init__.py)

