Traceback (most recent call last):
  File "/home/danbot/code/data_analysis/lib/python3.12/site-packages/jupyter_core/utils/__init__.py", line 154, in wrapped
    asyncio.get_running_loop()
RuntimeError: no running event loop

During handling of the above exception, another exception occurred:

Traceback (most recent call last):
  File "/home/danbot/code/data_analysis/lib/python3.12/site-packages/jupyter_cache/executors/utils.py", line 58, in single_nb_execution
    executenb(
  File "/home/danbot/code/data_analysis/lib/python3.12/site-packages/nbclient/client.py", line 1319, in execute
    return NotebookClient(nb=nb, resources=resources, km=km, **kwargs).execute()
           ^^^^^^^^^^^^^^^^^^^^^^^^^^^^^^^^^^^^^^^^^^^^^^^^^^^^^^^^^^^^^^^^^^^^^
  File "/home/danbot/code/data_analysis/lib/python3.12/site-packages/jupyter_core/utils/__init__.py", line 158, in wrapped
    return loop.run_until_complete(inner)
           ^^^^^^^^^^^^^^^^^^^^^^^^^^^^^^
  File "/usr/lib/python3.12/asyncio/base_events.py", line 687, in run_until_complete
    return future.result()
           ^^^^^^^^^^^^^^^
  File "/home/danbot/code/data_analysis/lib/python3.12/site-packages/nbclient/client.py", line 709, in async_execute
    await self.async_execute_cell(
  File "/home/danbot/code/data_analysis/lib/python3.12/site-packages/nbclient/client.py", line 1062, in async_execute_cell
    await self._check_raise_for_error(cell, cell_index, exec_reply)
  File "/home/danbot/code/data_analysis/lib/python3.12/site-packages/nbclient/client.py", line 918, in _check_raise_for_error
    raise CellExecutionError.from_cell_and_msg(cell, exec_reply_content)
nbclient.exceptions.CellExecutionError: An error occurred while executing the following cell:
------------------
import os
import pandas as pd
import numpy as np
from time import time

import geopandas as gpd
from shapely.geometry import Point
import xyzservices.providers as xyz

from bokeh.plotting import figure, show
from bokeh.layouts import gridplot, row, column
from bokeh.transform import factor_cmap, linear_cmap
from bokeh.models import ColumnDataSource, LinearAxis, Range1d
from bokeh.io import output_notebook
from bokeh.palettes import Sunset10, Vibrant7, Category20, Bokeh6, Bokeh7, Bokeh8, Greys256

import xgboost as xgb
xgb.config_context(verbosity=2)

from sklearn.cluster import AgglomerativeClustering

from sklearn.metrics import (
    root_mean_squared_error,
    mean_absolute_error,
    roc_auc_score,
    roc_curve, auc,
    accuracy_score,
    confusion_matrix,
)

from scipy.stats import linregress
from scipy.stats import lognorm, norm
from scipy.special import kl_div


import jax
import jax.numpy as jnp
from jax.scipy.stats import gaussian_kde as jkde
from jax import config as jax_config
jax_config.update("jax_enable_x64", False)

from jax import jit
from jax import vmap

from KDEpy import FFTKDE

import data_processing_functions as dpf

import multiprocessing as mp
from functools import partial

# from sklearn.model_selection import StratifiedKFold
output_notebook()
------------------


[31m---------------------------------------------------------------------------[39m
[31mModuleNotFoundError[39m                       Traceback (most recent call last)
[36mCell[39m[36m [39m[32mIn[1][39m[32m, line 45[39m
[32m     42[39m [38;5;28;01mfrom[39;00m[38;5;250m [39m[34;01mjax[39;00m[38;5;250m [39m[38;5;28;01mimport[39;00m jit
[32m     43[39m [38;5;28;01mfrom[39;00m[38;5;250m [39m[34;01mjax[39;00m[38;5;250m [39m[38;5;28;01mimport[39;00m vmap
[32m---> [39m[32m45[39m [38;5;28;01mfrom[39;00m[38;5;250m [39m[34;01mKDEpy[39;00m[38;5;250m [39m[38;5;28;01mimport[39;00m FFTKDE
[32m     47[39m [38;5;28;01mimport[39;00m[38;5;250m [39m[34;01mdata_processing_functions[39;00m[38;5;250m [39m[38;5;28;01mas[39;00m[38;5;250m [39m[34;01mdpf[39;00m
[32m     49[39m [38;5;28;01mimport[39;00m[38;5;250m [39m[34;01mmultiprocessing[39;00m[38;5;250m [39m[38;5;28;01mas[39;00m[38;5;250m [39m[34;01mmp[39;00m

[31mModuleNotFoundError[39m: No module named 'KDEpy'

